<?xml version="1.0" encoding="UTF-8"?>
<!-- Generated by org.testng.reporters.JUnitReportReporter -->
<testsuite hostname="LAPTOP-MCE9IVK4" failures="0" tests="4" name="com.unionmutualproject.AgentProfile" time="38.195" errors="0" timestamp="2025-01-23T18:45:37 IST" skipped="0">
  <testcase classname="com.unionmutualproject.AgentProfile" name="login" time="17.085"/>
  <system-out/>
  <testcase classname="com.unionmutualproject.AgentProfile" name="DashboardPage" time="8.838"/>
  <system-out/>
  <testcase classname="com.unionmutualproject.AgentProfile" name="Transaction" time="2.168"/>
  <system-out/>
  <testcase classname="com.unionmutualproject.AgentProfile" name="Profile" time="10.104"/>
  <system-out/>
</testsuite> <!-- com.unionmutualproject.AgentProfile -->
