<?xml version="1.0" encoding="UTF-8"?>
<!-- Generated by org.testng.reporters.JUnitReportReporter -->
<testsuite hostname="LAPTOP-MCE9IVK4" failures="0" tests="4" name="com.unionmutualproject.AgentProfile" time="35.357" errors="0" timestamp="2025-01-28T15:59:49 IST" skipped="0">
  <testcase classname="com.unionmutualproject.AgentProfile" name="login" time="14.612"/>
  <system-out/>
  <testcase classname="com.unionmutualproject.AgentProfile" name="DashboardPage" time="8.863"/>
  <system-out/>
  <testcase classname="com.unionmutualproject.AgentProfile" name="Transaction" time="2.064"/>
  <system-out/>
  <testcase classname="com.unionmutualproject.AgentProfile" name="Profile" time="9.818"/>
  <system-out/>
</testsuite> <!-- com.unionmutualproject.AgentProfile -->
