<?xml version="1.0" encoding="UTF-8"?>
<!-- Generated by org.testng.reporters.JUnitReportReporter -->
<testsuite hostname="LAPTOP-MCE9IVK4" failures="0" tests="1" name="com.unionmutualproject.LoginPage" time="2.565" errors="0" timestamp="2025-01-16T19:09:04 IST" skipped="0">
  <testcase classname="com.unionmutualproject.LoginPage" name="Login" time="2.565"/>
</testsuite> <!-- com.unionmutualproject.LoginPage -->
