<?xml version="1.0" encoding="UTF-8"?>
<!-- Generated by org.testng.reporters.JUnitReportReporter -->
<testsuite hostname="LAPTOP-MCE9IVK4" failures="0" tests="3" name="com.unionmutualproject.Dashboard" time="35.026" errors="0" timestamp="2025-01-21T19:50:08 IST" skipped="0">
  <testcase classname="com.unionmutualproject.Dashboard" name="login" time="21.445"/>
  <system-out/>
  <testcase classname="com.unionmutualproject.Dashboard" name="DashboardPage" time="10.869"/>
  <system-out/>
  <testcase classname="com.unionmutualproject.Dashboard" name="Transaction" time="2.712"/>
  <system-out/>
</testsuite> <!-- com.unionmutualproject.Dashboard -->
