<?xml version="1.0" encoding="UTF-8"?>
<!-- Generated by org.testng.reporters.JUnitReportReporter -->
<testsuite hostname="LAPTOP-MCE9IVK4" failures="0" tests="1" name="com.unionmutualproject.Login" time="21.325" errors="0" timestamp="2025-01-17T16:13:00 IST" skipped="0">
  <testcase classname="com.unionmutualproject.Login" name="login" time="21.325"/>
  <system-out/>
</testsuite> <!-- com.unionmutualproject.Login -->
